<?xml version="1.0" encoding="UTF-8"?>
<testng-results total="3" passed="3" failed="0" skipped="0">
  <reporter-output>
  </reporter-output>
  <suite started-at="2018-05-04T17:07:32Z" name="Default suite" finished-at="2018-05-04T17:07:37Z" duration-ms="5606">
    <groups>
    </groups>
    <test started-at="2018-05-04T17:07:32Z" name="Default test" finished-at="2018-05-04T17:07:37Z" duration-ms="5606">
      <class name="APITestFramework.FirstTest">
        <test-method is-config="true" signature="setup()[pri:0, instance:APITestFramework.FirstTest@2de23121]" started-at="2018-05-04T22:37:32Z" name="setup" finished-at="2018-05-04T22:37:32Z" duration-ms="28" status="PASS">
          <reporter-output>
          </reporter-output>
        </test-method> <!-- setup -->
        <test-method signature="validateGet()[pri:0, instance:APITestFramework.FirstTest@2de23121]" started-at="2018-05-04T22:37:32Z" name="validateGet" finished-at="2018-05-04T22:37:36Z" duration-ms="4755" status="PASS">
          <reporter-output>
          </reporter-output>
        </test-method> <!-- validateGet -->
        <test-method signature="postTest()[pri:0, instance:APITestFramework.FirstTest@2de23121]" started-at="2018-05-04T22:37:36Z" name="postTest" finished-at="2018-05-04T22:37:37Z" duration-ms="325" status="PASS">
          <reporter-output>
          </reporter-output>
        </test-method> <!-- postTest -->
        <test-method signature="deleteTest()[pri:0, instance:APITestFramework.FirstTest@2de23121]" started-at="2018-05-04T22:37:37Z" name="deleteTest" finished-at="2018-05-04T22:37:37Z" duration-ms="462" status="PASS">
          <reporter-output>
          </reporter-output>
        </test-method> <!-- deleteTest -->
      </class> <!-- APITestFramework.FirstTest -->
    </test> <!-- Default test -->
  </suite> <!-- Default suite -->
</testng-results>
