<?xml version="1.0" encoding="UTF-8"?>
<testng-results total="1" passed="1" failed="0" skipped="0">
  <reporter-output>
  </reporter-output>
  <suite started-at="2018-05-04T19:46:23Z" name="Default suite" finished-at="2018-05-04T19:46:30Z" duration-ms="6935">
    <groups>
    </groups>
    <test started-at="2018-05-04T19:46:23Z" name="Default test" finished-at="2018-05-04T19:46:30Z" duration-ms="6935">
      <class name="APITestFramework.TestCase_002">
        <test-method is-config="true" signature="setup()[pri:0, instance:APITestFramework.TestCase_002@587e5365]" started-at="2018-05-05T01:16:23Z" name="setup" finished-at="2018-05-05T01:16:23Z" duration-ms="27" status="PASS">
          <reporter-output>
          </reporter-output>
        </test-method> <!-- setup -->
        <test-method signature="validateGet()[pri:0, instance:APITestFramework.TestCase_002@587e5365]" started-at="2018-05-05T01:16:23Z" name="validateGet" finished-at="2018-05-05T01:16:30Z" duration-ms="6896" status="PASS">
          <reporter-output>
          </reporter-output>
        </test-method> <!-- validateGet -->
      </class> <!-- APITestFramework.TestCase_002 -->
    </test> <!-- Default test -->
  </suite> <!-- Default suite -->
</testng-results>
