<?xml version="1.0" encoding="UTF-8"?>
<!-- Generated by org.testng.reporters.JUnitXMLReporter -->
<testsuite hostname="CSCINDAH506651" failures="0" tests="3" name="Default test" time="5.606" errors="0" timestamp="4 May 2018 17:07:38 GMT">
  <testcase classname="APITestFramework.FirstTest" name="validateGet" time="4.755"/>
  <testcase classname="APITestFramework.FirstTest" name="postTest" time="0.325"/>
  <testcase classname="APITestFramework.FirstTest" name="deleteTest" time="0.462"/>
</testsuite> <!-- Default test -->
