<?xml version="1.0" encoding="UTF-8"?>
<!-- Generated by org.testng.reporters.JUnitXMLReporter -->
<testsuite hostname="CSCINDAH506651" failures="0" tests="3" name="Test" time="6.976" errors="0" timestamp="4 May 2018 17:04:05 GMT">
  <testcase classname="APITestFramework.FirstTest" name="validateGet" time="6.258"/>
  <testcase classname="APITestFramework.FirstTest" name="postTest" time="0.345"/>
  <testcase classname="APITestFramework.FirstTest" name="deleteTest" time="0.336"/>
</testsuite> <!-- Test -->
